#
# A fatal error has been detected by the Java Runtime Environment:
#
#  Internal Error (classFileParser.cpp:3174), pid=3652, tid=5740
#  Error: ShouldNotReachHere()
#
# JRE version: 6.0_20-b02
# Java VM: Java HotSpot(TM) 64-Bit Server VM (16.3-b01 mixed mode windows-amd64 )
# If you would like to submit a bug report, please visit:
#   http://java.sun.com/webapps/bugreport/crash.jsp
#

---------------  T H R E A D  ---------------

Current thread (0x00000000005db800):  JavaThread "Unknown thread" [_thread_in_vm, id=5740, stack(0x0000000002420000,0x0000000002520000)]

Stack: [0x0000000002420000,0x0000000002520000]
[error occurred during error reporting (printing stack bounds), id 0xc0000005]


---------------  P R O C E S S  ---------------

Java Threads: ( => current thread )

Other Threads:

=>0x00000000005db800 (exited) JavaThread "Unknown thread" [_thread_in_vm, id=5740, stack(0x0000000002420000,0x0000000002520000)]

VM state:not at safepoint (not fully initialized)

VM Mutex/Monitor currently owned by a thread: None

Dynamic libraries:
0x0000000000400000 - 0x000000000042e000 	C:\Program Files\Java\jre6\bin\javaw.exe
0x00000000778d0000 - 0x0000000077a79000 	C:\Windows\SYSTEM32\ntdll.dll
0x00000000771f0000 - 0x000000007730f000 	C:\Windows\system32\kernel32.dll
0x000007fefdfb0000 - 0x000007fefe01c000 	C:\Windows\system32\KERNELBASE.dll
0x000007feff320000 - 0x000007feff3fb000 	C:\Windows\system32\ADVAPI32.dll
0x000007feff550000 - 0x000007feff5ef000 	C:\Windows\system32\msvcrt.dll
0x000007feffa40000 - 0x000007feffa5f000 	C:\Windows\SYSTEM32\sechost.dll
0x000007feff400000 - 0x000007feff52d000 	C:\Windows\system32\RPCRT4.dll
0x00000000777d0000 - 0x00000000778ca000 	C:\Windows\system32\USER32.dll
0x000007feff6d0000 - 0x000007feff737000 	C:\Windows\system32\GDI32.dll
0x000007feff120000 - 0x000007feff12e000 	C:\Windows\system32\LPK.dll
0x000007feffa60000 - 0x000007feffb29000 	C:\Windows\system32\USP10.dll
0x000007feffbb0000 - 0x000007feffbde000 	C:\Windows\system32\IMM32.DLL
0x000007feff8d0000 - 0x000007feff9d9000 	C:\Windows\system32\MSCTF.dll
0x000000006d7f0000 - 0x000000006de95000 	C:\Program Files\Java\jre6\bin\server\jvm.dll
0x000007fefbfd0000 - 0x000007fefc00b000 	C:\Windows\system32\WINMM.dll
0x000000006d760000 - 0x000000006d76e000 	C:\Program Files\Java\jre6\bin\verify.dll
0x000000006d3b0000 - 0x000000006d3d7000 	C:\Program Files\Java\jre6\bin\java.dll
0x000000006d310000 - 0x000000006d31a000 	C:\Program Files\Java\jre6\bin\hpi.dll
0x0000000077a90000 - 0x0000000077a97000 	C:\Windows\system32\PSAPI.DLL
0x000000006d7b0000 - 0x000000006d7c2000 	C:\Program Files\Java\jre6\bin\zip.dll

VM Arguments:
jvm_args: -Dvce.launchers=org.eclipse.ve.internal.java.vce.launcher.remotevm.JFCLauncher -Dvce.launcher.class=ro.pub.acs.traffic.collector.TrafficCollector -Dfile.encoding=Cp1252 -Xbootclasspath:C:\Program Files (x86)\android-sdk-windows\platforms\android-8\android.jar 
java_command: org.eclipse.ve.internal.java.vce.launcher.remotevm.JavaBeansLauncher
Launcher Type: SUN_STANDARD

Environment Variables:
JAVA_HOME=C:\Program Files\Java\jdk1.6.0_20
PATH=C:\Program Files (x86)\NVIDIA Corporation\PhysX\Common;C:\Program Files\Common Files\Microsoft Shared\Windows Live;C:\Program Files (x86)\Common Files\Microsoft Shared\Windows Live;C:\Windows\system32;C:\Windows;C:\Windows\System32\Wbem;C:\Windows\System32\WindowsPowerShell\v1.0\;C:\Program Files\Broadcom\Broadcom 802.11\Driver;C:\Program Files (x86)\ATI Technologies\ATI.ACE\Core-Static;C:\Program Files (x86)\WinSCP\;C:\Program Files\Java\jdk1.6.0_20\bin;C:\Program Files\Java\apache-ant-1.8.1\bin;C:\Program Files (x86)\android-sdk-windows;C:\Program Files (x86)\android-sdk-windows\platform-tools;C:\Program Files\TortoiseSVN\bin;C:\Program Files (x86)\Microsoft SQL Server\90\Tools\binn\;C:\Program Files\TortoiseGit\bin;C:\wamp\bin\php\php5.3.0;C:\Program Files (x86)\Windows Live\Shared;C:\Python32;D:\Program Files\MATLAB\R2011b\runtime\win64;D:\Program Files\MATLAB\R2011b\bin;C:\Program Files\SlikSvn\bin;C:\Program Files (x86)\OpenTL\bin
USERNAME=catalin
OS=Windows_NT
PROCESSOR_IDENTIFIER=Intel64 Family 6 Model 23 Stepping 10, GenuineIntel



---------------  S Y S T E M  ---------------

OS: Windows 7 Build 7601 Service Pack 1

CPU:total 2 (2 cores per cpu, 1 threads per core) family 6 model 23 stepping 10, cmov, cx8, fxsr, mmx, sse, sse2, sse3, ssse3, sse4.1

Memory: 4k page, physical 4160704k(1643844k free), swap 8319560k(4570684k free)

vm_info: Java HotSpot(TM) 64-Bit Server VM (16.3-b01) for windows-amd64 JRE (1.6.0_20-b02), built on Apr 12 2010 13:44:19 by "java_re" with MS VC++ 8.0 (VS2005)

time: Sun Nov 20 22:05:57 2011
elapsed time: 0 seconds

